<?xml version="1.0" encoding="UTF-8"?>
<beans xmlns="http://www.springframework.org/schema/beans"
    xmlns:xsi="http://www.w3.org/2001/XMLSchema-instance"
    xmlns:aop="http://www.springframework.org/schema/aop"
    xmlns:tx="http://www.springframework.org/schema/tx"
    xsi:schemaLocation="http://www.springframework.org/schema/beans http://www.springframework.org/schema/beans/spring-beans-2.0.xsd
           http://www.springframework.org/schema/aop http://www.springframework.org/schema/aop/spring-aop-2.0.xsd
           http://www.springframework.org/schema/tx http://www.springframework.org/schema/tx/spring-tx-2.0.xsd">
    <!-- 配置模板 -->
    <bean id="dispatcher" abstract="true"></bean>
    <bean class="com.primeton.dgs.kernel.core.web.ontolog.CommandFactory" factory-method="getInstance"></bean>
    
    <!-- 通用类 -->
    <bean id="factory.do" parent="dispatcher" scope="prototype" class="com.primeton.dgs.kernel.core.web.ontolog.FactoryCommand"/>
    <bean id="forward.do" parent="dispatcher" scope="prototype" class="com.primeton.dgs.kernel.core.web.ontolog.ForwardCommand"/>
    <bean id="redirect.do" parent="dispatcher" scope="prototype" class="com.primeton.dgs.kernel.core.web.ontolog.RedirectCommand"/>
    
    <!-- Spring Context Helper Context-base.xml -->
	<bean id="SpringContextHelper" class="com.primeton.dgs.kernel.core.common.SpringContextHelper" />
</beans>
